app/build/intermediates/manifest_merge_blame_file/debug/processDebugMainManifest/manifest-merger-blame-debug-report.txt
1<?xml version="1.0" encoding="utf-8"?>
2<manifest xmlns:android="http://schemas.android.com/apk/res/android"
3    package="com.example.ticket"
4    android:versionCode="1"
5    android:versionName="1.0" >
6
7    <uses-sdk
8        android:minSdkVersion="24"
9        android:targetSdkVersion="34" />
10
11    <!-- Although the *SdkVersion is captured in gradle build files, this is required for non gradle builds -->
12    <!-- <uses-sdk android:minSdkVersion="14"/> -->
13    <uses-permission android:name="android.permission.ACCESS_NETWORK_STATE" />
13-->[com.google.firebase:firebase-database:20.2.2] AndroidManifest.xml:24:5-79
13-->[com.google.firebase:firebase-database:20.2.2] AndroidManifest.xml:24:22-76
14    <uses-permission android:name="android.permission.INTERNET" />
14-->[com.google.firebase:firebase-database:20.2.2] AndroidManifest.xml:25:5-67
14-->[com.google.firebase:firebase-database:20.2.2] AndroidManifest.xml:25:22-64
15    <uses-permission android:name="android.permission.WAKE_LOCK" />
15-->[com.google.android.gms:play-services-measurement-api:21.3.0] AndroidManifest.xml:24:5-68
15-->[com.google.android.gms:play-services-measurement-api:21.3.0] AndroidManifest.xml:24:22-65
16    <uses-permission android:name="com.google.android.gms.permission.AD_ID" />
16-->[com.google.android.gms:play-services-measurement-api:21.3.0] AndroidManifest.xml:25:5-79
16-->[com.google.android.gms:play-services-measurement-api:21.3.0] AndroidManifest.xml:25:22-76
17    <uses-permission android:name="com.google.android.finsky.permission.BIND_GET_INSTALL_REFERRER_SERVICE" />
17-->[com.google.android.gms:play-services-measurement:21.3.0] AndroidManifest.xml:26:5-110
17-->[com.google.android.gms:play-services-measurement:21.3.0] AndroidManifest.xml:26:22-107
18
19    <permission
19-->[androidx.core:core:1.9.0] AndroidManifest.xml:22:5-24:47
20        android:name="com.example.ticket.DYNAMIC_RECEIVER_NOT_EXPORTED_PERMISSION"
20-->[androidx.core:core:1.9.0] AndroidManifest.xml:23:9-81
21        android:protectionLevel="signature" />
21-->[androidx.core:core:1.9.0] AndroidManifest.xml:24:9-44
22
23    <uses-permission android:name="com.example.ticket.DYNAMIC_RECEIVER_NOT_EXPORTED_PERMISSION" />
23-->[androidx.core:core:1.9.0] AndroidManifest.xml:26:5-97
23-->[androidx.core:core:1.9.0] AndroidManifest.xml:26:22-94
24
25    <application
25-->src\main\AndroidManifest.xml:5:5-39:19
26        android:allowBackup="true"
26-->src\main\AndroidManifest.xml:6:9-35
27        android:appComponentFactory="androidx.core.app.CoreComponentFactory"
27-->[androidx.core:core:1.9.0] AndroidManifest.xml:28:18-86
28        android:dataExtractionRules="@xml/data_extraction_rules"
28-->src\main\AndroidManifest.xml:7:9-65
29        android:debuggable="true"
30        android:extractNativeLibs="false"
31        android:fullBackupContent="@xml/backup_rules"
31-->src\main\AndroidManifest.xml:8:9-54
32        android:icon="@mipmap/ic_launcher"
32-->src\main\AndroidManifest.xml:9:9-43
33        android:label="@string/app_name"
33-->src\main\AndroidManifest.xml:10:9-41
34        android:roundIcon="@mipmap/ic_launcher_round"
34-->src\main\AndroidManifest.xml:11:9-54
35        android:supportsRtl="true"
35-->src\main\AndroidManifest.xml:12:9-35
36        android:testOnly="true"
37        android:theme="@style/Theme.Ticket" >
37-->src\main\AndroidManifest.xml:13:9-44
38        <activity
38-->src\main\AndroidManifest.xml:15:9-17:40
39            android:name="com.example.ticket.EditProfile"
39-->src\main\AndroidManifest.xml:16:13-40
40            android:exported="false" />
40-->src\main\AndroidManifest.xml:17:13-37
41        <activity
41-->src\main\AndroidManifest.xml:18:9-20:40
42            android:name="com.example.ticket.signup"
42-->src\main\AndroidManifest.xml:19:13-35
43            android:exported="false" />
43-->src\main\AndroidManifest.xml:20:13-37
44        <activity
44-->src\main\AndroidManifest.xml:21:9-23:40
45            android:name="com.example.ticket.LoginActivity"
45-->src\main\AndroidManifest.xml:22:13-42
46            android:exported="false" />
46-->src\main\AndroidManifest.xml:23:13-37
47        <activity
47-->src\main\AndroidManifest.xml:24:9-32:20
48            android:name="com.example.ticket.splashScreen"
48-->src\main\AndroidManifest.xml:25:13-41
49            android:exported="true" >
49-->src\main\AndroidManifest.xml:26:13-36
50            <intent-filter>
50-->src\main\AndroidManifest.xml:27:13-31:29
51                <action android:name="android.intent.action.MAIN" />
51-->src\main\AndroidManifest.xml:28:17-69
51-->src\main\AndroidManifest.xml:28:25-66
52
53                <category android:name="android.intent.category.LAUNCHER" />
53-->src\main\AndroidManifest.xml:30:17-77
53-->src\main\AndroidManifest.xml:30:27-74
54            </intent-filter>
55        </activity>
56        <activity
56-->src\main\AndroidManifest.xml:33:9-35:40
57            android:name="com.example.ticket.ticketPrice"
57-->src\main\AndroidManifest.xml:34:13-40
58            android:exported="false" />
58-->src\main\AndroidManifest.xml:35:13-37
59        <activity
59-->src\main\AndroidManifest.xml:36:9-38:40
60            android:name="com.example.ticket.MainActivity"
60-->src\main\AndroidManifest.xml:37:13-41
61            android:exported="false" />
61-->src\main\AndroidManifest.xml:38:13-37
62
63        <service
63-->[com.google.firebase:firebase-database:20.2.2] AndroidManifest.xml:28:9-34:19
64            android:name="com.google.firebase.components.ComponentDiscoveryService"
64-->[com.google.firebase:firebase-database:20.2.2] AndroidManifest.xml:29:13-84
65            android:directBootAware="true"
65-->[com.google.firebase:firebase-common:20.3.2] AndroidManifest.xml:34:13-43
66            android:exported="false" >
66-->[com.google.firebase:firebase-database:20.2.2] AndroidManifest.xml:30:13-37
67            <meta-data
67-->[com.google.firebase:firebase-database:20.2.2] AndroidManifest.xml:31:13-33:85
68                android:name="com.google.firebase.components:com.google.firebase.database.DatabaseRegistrar"
68-->[com.google.firebase:firebase-database:20.2.2] AndroidManifest.xml:32:17-109
69                android:value="com.google.firebase.components.ComponentRegistrar" />
69-->[com.google.firebase:firebase-database:20.2.2] AndroidManifest.xml:33:17-82
70            <meta-data
70-->[com.google.firebase:firebase-storage:20.2.0] AndroidManifest.xml:32:13-34:85
71                android:name="com.google.firebase.components:com.google.firebase.storage.StorageRegistrar"
71-->[com.google.firebase:firebase-storage:20.2.0] AndroidManifest.xml:33:17-107
72                android:value="com.google.firebase.components.ComponentRegistrar" />
72-->[com.google.firebase:firebase-storage:20.2.0] AndroidManifest.xml:34:17-82
73            <meta-data
73-->[com.google.firebase:firebase-auth:22.0.0] AndroidManifest.xml:69:13-71:85
74                android:name="com.google.firebase.components:com.google.firebase.auth.FirebaseAuthRegistrar"
74-->[com.google.firebase:firebase-auth:22.0.0] AndroidManifest.xml:70:17-109
75                android:value="com.google.firebase.components.ComponentRegistrar" />
75-->[com.google.firebase:firebase-auth:22.0.0] AndroidManifest.xml:71:17-82
76            <meta-data
76-->[com.google.firebase:firebase-firestore:24.6.1] AndroidManifest.xml:19:13-21:85
77                android:name="com.google.firebase.components:com.google.firebase.firestore.FirestoreRegistrar"
77-->[com.google.firebase:firebase-firestore:24.6.1] AndroidManifest.xml:20:17-111
78                android:value="com.google.firebase.components.ComponentRegistrar" />
78-->[com.google.firebase:firebase-firestore:24.6.1] AndroidManifest.xml:21:17-82
79            <meta-data
79-->[com.google.firebase:firebase-appcheck:17.0.1] AndroidManifest.xml:27:13-29:85
80                android:name="com.google.firebase.components:com.google.firebase.appcheck.FirebaseAppCheckRegistrar"
80-->[com.google.firebase:firebase-appcheck:17.0.1] AndroidManifest.xml:28:17-117
81                android:value="com.google.firebase.components.ComponentRegistrar" />
81-->[com.google.firebase:firebase-appcheck:17.0.1] AndroidManifest.xml:29:17-82
82            <meta-data
82-->[com.google.android.gms:play-services-measurement-api:21.3.0] AndroidManifest.xml:31:13-33:85
83                android:name="com.google.firebase.components:com.google.firebase.analytics.connector.internal.AnalyticsConnectorRegistrar"
83-->[com.google.android.gms:play-services-measurement-api:21.3.0] AndroidManifest.xml:32:17-139
84                android:value="com.google.firebase.components.ComponentRegistrar" />
84-->[com.google.android.gms:play-services-measurement-api:21.3.0] AndroidManifest.xml:33:17-82
85            <meta-data
85-->[com.google.firebase:firebase-installations:17.1.3] AndroidManifest.xml:17:13-19:85
86                android:name="com.google.firebase.components:com.google.firebase.installations.FirebaseInstallationsRegistrar"
86-->[com.google.firebase:firebase-installations:17.1.3] AndroidManifest.xml:18:17-127
87                android:value="com.google.firebase.components.ComponentRegistrar" />
87-->[com.google.firebase:firebase-installations:17.1.3] AndroidManifest.xml:19:17-82
88        </service>
89
90        <activity
90-->[com.google.firebase:firebase-auth:22.0.0] AndroidManifest.xml:29:9-46:20
91            android:name="com.google.firebase.auth.internal.GenericIdpActivity"
91-->[com.google.firebase:firebase-auth:22.0.0] AndroidManifest.xml:30:13-80
92            android:excludeFromRecents="true"
92-->[com.google.firebase:firebase-auth:22.0.0] AndroidManifest.xml:31:13-46
93            android:exported="true"
93-->[com.google.firebase:firebase-auth:22.0.0] AndroidManifest.xml:32:13-36
94            android:launchMode="singleTask"
94-->[com.google.firebase:firebase-auth:22.0.0] AndroidManifest.xml:33:13-44
95            android:theme="@android:style/Theme.Translucent.NoTitleBar" >
95-->[com.google.firebase:firebase-auth:22.0.0] AndroidManifest.xml:34:13-72
96            <intent-filter>
96-->[com.google.firebase:firebase-auth:22.0.0] AndroidManifest.xml:35:13-45:29
97                <action android:name="android.intent.action.VIEW" />
97-->[com.google.firebase:firebase-auth:22.0.0] AndroidManifest.xml:36:17-69
97-->[com.google.firebase:firebase-auth:22.0.0] AndroidManifest.xml:36:25-66
98
99                <category android:name="android.intent.category.DEFAULT" />
99-->[com.google.firebase:firebase-auth:22.0.0] AndroidManifest.xml:38:17-76
99-->[com.google.firebase:firebase-auth:22.0.0] AndroidManifest.xml:38:27-73
100                <category android:name="android.intent.category.BROWSABLE" />
100-->[com.google.firebase:firebase-auth:22.0.0] AndroidManifest.xml:39:17-78
100-->[com.google.firebase:firebase-auth:22.0.0] AndroidManifest.xml:39:27-75
101
102                <data
102-->[com.google.firebase:firebase-auth:22.0.0] AndroidManifest.xml:41:17-44:51
103                    android:host="firebase.auth"
103-->[com.google.firebase:firebase-auth:22.0.0] AndroidManifest.xml:42:21-49
104                    android:path="/"
104-->[com.google.firebase:firebase-auth:22.0.0] AndroidManifest.xml:43:21-37
105                    android:scheme="genericidp" />
105-->[com.google.firebase:firebase-auth:22.0.0] AndroidManifest.xml:44:21-48
106            </intent-filter>
107        </activity>
108        <activity
108-->[com.google.firebase:firebase-auth:22.0.0] AndroidManifest.xml:47:9-64:20
109            android:name="com.google.firebase.auth.internal.RecaptchaActivity"
109-->[com.google.firebase:firebase-auth:22.0.0] AndroidManifest.xml:48:13-79
110            android:excludeFromRecents="true"
110-->[com.google.firebase:firebase-auth:22.0.0] AndroidManifest.xml:49:13-46
111            android:exported="true"
111-->[com.google.firebase:firebase-auth:22.0.0] AndroidManifest.xml:50:13-36
112            android:launchMode="singleTask"
112-->[com.google.firebase:firebase-auth:22.0.0] AndroidManifest.xml:51:13-44
113            android:theme="@android:style/Theme.Translucent.NoTitleBar" >
113-->[com.google.firebase:firebase-auth:22.0.0] AndroidManifest.xml:52:13-72
114            <intent-filter>
114-->[com.google.firebase:firebase-auth:22.0.0] AndroidManifest.xml:53:13-63:29
115                <action android:name="android.intent.action.VIEW" />
115-->[com.google.firebase:firebase-auth:22.0.0] AndroidManifest.xml:36:17-69
115-->[com.google.firebase:firebase-auth:22.0.0] AndroidManifest.xml:36:25-66
116
117                <category android:name="android.intent.category.DEFAULT" />
117-->[com.google.firebase:firebase-auth:22.0.0] AndroidManifest.xml:38:17-76
117-->[com.google.firebase:firebase-auth:22.0.0] AndroidManifest.xml:38:27-73
118                <category android:name="android.intent.category.BROWSABLE" />
118-->[com.google.firebase:firebase-auth:22.0.0] AndroidManifest.xml:39:17-78
118-->[com.google.firebase:firebase-auth:22.0.0] AndroidManifest.xml:39:27-75
119
120                <data
120-->[com.google.firebase:firebase-auth:22.0.0] AndroidManifest.xml:41:17-44:51
121                    android:host="firebase.auth"
121-->[com.google.firebase:firebase-auth:22.0.0] AndroidManifest.xml:42:21-49
122                    android:path="/"
122-->[com.google.firebase:firebase-auth:22.0.0] AndroidManifest.xml:43:21-37
123                    android:scheme="recaptcha" />
123-->[com.google.firebase:firebase-auth:22.0.0] AndroidManifest.xml:44:21-48
124            </intent-filter>
125        </activity>
126
127        <provider
127-->[com.squareup.picasso:picasso:2.71828] AndroidManifest.xml:8:9-11:40
128            android:name="com.squareup.picasso.PicassoProvider"
128-->[com.squareup.picasso:picasso:2.71828] AndroidManifest.xml:9:13-64
129            android:authorities="com.example.ticket.com.squareup.picasso"
129-->[com.squareup.picasso:picasso:2.71828] AndroidManifest.xml:10:13-72
130            android:exported="false" />
130-->[com.squareup.picasso:picasso:2.71828] AndroidManifest.xml:11:13-37
131        <provider
131-->[com.google.firebase:firebase-common:20.3.2] AndroidManifest.xml:25:9-30:39
132            android:name="com.google.firebase.provider.FirebaseInitProvider"
132-->[com.google.firebase:firebase-common:20.3.2] AndroidManifest.xml:26:13-77
133            android:authorities="com.example.ticket.firebaseinitprovider"
133-->[com.google.firebase:firebase-common:20.3.2] AndroidManifest.xml:27:13-72
134            android:directBootAware="true"
134-->[com.google.firebase:firebase-common:20.3.2] AndroidManifest.xml:28:13-43
135            android:exported="false"
135-->[com.google.firebase:firebase-common:20.3.2] AndroidManifest.xml:29:13-37
136            android:initOrder="100" />
136-->[com.google.firebase:firebase-common:20.3.2] AndroidManifest.xml:30:13-36
137
138        <receiver
138-->[com.google.android.gms:play-services-measurement:21.3.0] AndroidManifest.xml:29:9-33:20
139            android:name="com.google.android.gms.measurement.AppMeasurementReceiver"
139-->[com.google.android.gms:play-services-measurement:21.3.0] AndroidManifest.xml:30:13-85
140            android:enabled="true"
140-->[com.google.android.gms:play-services-measurement:21.3.0] AndroidManifest.xml:31:13-35
141            android:exported="false" >
141-->[com.google.android.gms:play-services-measurement:21.3.0] AndroidManifest.xml:32:13-37
142        </receiver>
143
144        <service
144-->[com.google.android.gms:play-services-measurement:21.3.0] AndroidManifest.xml:35:9-38:40
145            android:name="com.google.android.gms.measurement.AppMeasurementService"
145-->[com.google.android.gms:play-services-measurement:21.3.0] AndroidManifest.xml:36:13-84
146            android:enabled="true"
146-->[com.google.android.gms:play-services-measurement:21.3.0] AndroidManifest.xml:37:13-35
147            android:exported="false" />
147-->[com.google.android.gms:play-services-measurement:21.3.0] AndroidManifest.xml:38:13-37
148        <service
148-->[com.google.android.gms:play-services-measurement:21.3.0] AndroidManifest.xml:39:9-43:72
149            android:name="com.google.android.gms.measurement.AppMeasurementJobService"
149-->[com.google.android.gms:play-services-measurement:21.3.0] AndroidManifest.xml:40:13-87
150            android:enabled="true"
150-->[com.google.android.gms:play-services-measurement:21.3.0] AndroidManifest.xml:41:13-35
151            android:exported="false"
151-->[com.google.android.gms:play-services-measurement:21.3.0] AndroidManifest.xml:42:13-37
152            android:permission="android.permission.BIND_JOB_SERVICE" />
152-->[com.google.android.gms:play-services-measurement:21.3.0] AndroidManifest.xml:43:13-69
153
154        <activity
154-->[com.google.android.gms:play-services-base:18.1.0] AndroidManifest.xml:20:9-22:45
155            android:name="com.google.android.gms.common.api.GoogleApiActivity"
155-->[com.google.android.gms:play-services-base:18.1.0] AndroidManifest.xml:20:19-85
156            android:exported="false"
156-->[com.google.android.gms:play-services-base:18.1.0] AndroidManifest.xml:22:19-43
157            android:theme="@android:style/Theme.Translucent.NoTitleBar" />
157-->[com.google.android.gms:play-services-base:18.1.0] AndroidManifest.xml:21:19-78
158
159        <provider
159-->[androidx.emoji2:emoji2:1.2.0] AndroidManifest.xml:24:9-32:20
160            android:name="androidx.startup.InitializationProvider"
160-->[androidx.emoji2:emoji2:1.2.0] AndroidManifest.xml:25:13-67
161            android:authorities="com.example.ticket.androidx-startup"
161-->[androidx.emoji2:emoji2:1.2.0] AndroidManifest.xml:26:13-68
162            android:exported="false" >
162-->[androidx.emoji2:emoji2:1.2.0] AndroidManifest.xml:27:13-37
163            <meta-data
163-->[androidx.emoji2:emoji2:1.2.0] AndroidManifest.xml:29:13-31:52
164                android:name="androidx.emoji2.text.EmojiCompatInitializer"
164-->[androidx.emoji2:emoji2:1.2.0] AndroidManifest.xml:30:17-75
165                android:value="androidx.startup" />
165-->[androidx.emoji2:emoji2:1.2.0] AndroidManifest.xml:31:17-49
166            <meta-data
166-->[androidx.lifecycle:lifecycle-process:2.6.2] AndroidManifest.xml:29:13-31:52
167                android:name="androidx.lifecycle.ProcessLifecycleInitializer"
167-->[androidx.lifecycle:lifecycle-process:2.6.2] AndroidManifest.xml:30:17-78
168                android:value="androidx.startup" />
168-->[androidx.lifecycle:lifecycle-process:2.6.2] AndroidManifest.xml:31:17-49
169            <meta-data
169-->[androidx.profileinstaller:profileinstaller:1.3.0] AndroidManifest.xml:29:13-31:52
170                android:name="androidx.profileinstaller.ProfileInstallerInitializer"
170-->[androidx.profileinstaller:profileinstaller:1.3.0] AndroidManifest.xml:30:17-85
171                android:value="androidx.startup" />
171-->[androidx.profileinstaller:profileinstaller:1.3.0] AndroidManifest.xml:31:17-49
172        </provider>
173
174        <uses-library
174-->[androidx.window:window:1.0.0] AndroidManifest.xml:25:9-27:40
175            android:name="androidx.window.extensions"
175-->[androidx.window:window:1.0.0] AndroidManifest.xml:26:13-54
176            android:required="false" />
176-->[androidx.window:window:1.0.0] AndroidManifest.xml:27:13-37
177        <uses-library
177-->[androidx.window:window:1.0.0] AndroidManifest.xml:28:9-30:40
178            android:name="androidx.window.sidecar"
178-->[androidx.window:window:1.0.0] AndroidManifest.xml:29:13-51
179            android:required="false" />
179-->[androidx.window:window:1.0.0] AndroidManifest.xml:30:13-37
180
181        <meta-data
181-->[com.google.android.gms:play-services-basement:18.1.0] AndroidManifest.xml:21:9-23:69
182            android:name="com.google.android.gms.version"
182-->[com.google.android.gms:play-services-basement:18.1.0] AndroidManifest.xml:22:13-58
183            android:value="@integer/google_play_services_version" />
183-->[com.google.android.gms:play-services-basement:18.1.0] AndroidManifest.xml:23:13-66
184
185        <receiver
185-->[androidx.profileinstaller:profileinstaller:1.3.0] AndroidManifest.xml:34:9-52:20
186            android:name="androidx.profileinstaller.ProfileInstallReceiver"
186-->[androidx.profileinstaller:profileinstaller:1.3.0] AndroidManifest.xml:35:13-76
187            android:directBootAware="false"
187-->[androidx.profileinstaller:profileinstaller:1.3.0] AndroidManifest.xml:36:13-44
188            android:enabled="true"
188-->[androidx.profileinstaller:profileinstaller:1.3.0] AndroidManifest.xml:37:13-35
189            android:exported="true"
189-->[androidx.profileinstaller:profileinstaller:1.3.0] AndroidManifest.xml:38:13-36
190            android:permission="android.permission.DUMP" >
190-->[androidx.profileinstaller:profileinstaller:1.3.0] AndroidManifest.xml:39:13-57
191            <intent-filter>
191-->[androidx.profileinstaller:profileinstaller:1.3.0] AndroidManifest.xml:40:13-42:29
192                <action android:name="androidx.profileinstaller.action.INSTALL_PROFILE" />
192-->[androidx.profileinstaller:profileinstaller:1.3.0] AndroidManifest.xml:41:17-91
192-->[androidx.profileinstaller:profileinstaller:1.3.0] AndroidManifest.xml:41:25-88
193            </intent-filter>
194            <intent-filter>
194-->[androidx.profileinstaller:profileinstaller:1.3.0] AndroidManifest.xml:43:13-45:29
195                <action android:name="androidx.profileinstaller.action.SKIP_FILE" />
195-->[androidx.profileinstaller:profileinstaller:1.3.0] AndroidManifest.xml:44:17-85
195-->[androidx.profileinstaller:profileinstaller:1.3.0] AndroidManifest.xml:44:25-82
196            </intent-filter>
197            <intent-filter>
197-->[androidx.profileinstaller:profileinstaller:1.3.0] AndroidManifest.xml:46:13-48:29
198                <action android:name="androidx.profileinstaller.action.SAVE_PROFILE" />
198-->[androidx.profileinstaller:profileinstaller:1.3.0] AndroidManifest.xml:47:17-88
198-->[androidx.profileinstaller:profileinstaller:1.3.0] AndroidManifest.xml:47:25-85
199            </intent-filter>
200            <intent-filter>
200-->[androidx.profileinstaller:profileinstaller:1.3.0] AndroidManifest.xml:49:13-51:29
201                <action android:name="androidx.profileinstaller.action.BENCHMARK_OPERATION" />
201-->[androidx.profileinstaller:profileinstaller:1.3.0] AndroidManifest.xml:50:17-95
201-->[androidx.profileinstaller:profileinstaller:1.3.0] AndroidManifest.xml:50:25-92
202            </intent-filter>
203        </receiver>
204    </application>
205
206</manifest>